<?xml version="1.0" encoding="UTF-8"?>
<robot generator="Robot 6.0.1 (Python 3.11.0 on win32)" generated="20221213 22:29:41.812" rpa="false" schemaversion="3">
<suite id="s1" name="Day-2 Amazon Example" source="F:\University Cources\7th Semester\Software Testing\Automation\Robot Framework\VS-Code\Day-2 Amazon Example">
<suite id="s1-s1" name="Script" source="F:\University Cources\7th Semester\Software Testing\Automation\Robot Framework\VS-Code\Day-2 Amazon Example\script.robot">
<test id="s1-s1-t1" name="User must be signed in before checkout" line="6">
<kw name="Open Browser" library="Selenium2Library">
<arg>https://www.amazon.com</arg>
<arg>chrome</arg>
<doc>Opens a new browser instance to the optional ``url``.</doc>
<msg timestamp="20221213 22:29:42.775" level="INFO">Opening browser 'chrome' to base url 'https://www.amazon.com'.</msg>
<status status="PASS" starttime="20221213 22:29:42.774" endtime="20221213 22:29:56.109"/>
</kw>
<kw name="Maximize Browser Window" library="Selenium2Library">
<doc>Maximizes current browser window.</doc>
<status status="PASS" starttime="20221213 22:29:56.109" endtime="20221213 22:29:57.044"/>
</kw>
<kw name="Wait Until Page Contains" library="Selenium2Library">
<arg>Today's Deals</arg>
<doc>Waits until ``text`` appears on the current page.</doc>
<status status="PASS" starttime="20221213 22:29:57.046" endtime="20221213 22:29:57.754"/>
</kw>
<kw name="Page Should Contain" library="Selenium2Library">
<arg>Today's Deals</arg>
<doc>Verifies that current page contains ``text``.</doc>
<msg timestamp="20221213 22:29:57.825" level="INFO">Current page contains text 'Today's Deals'.</msg>
<status status="PASS" starttime="20221213 22:29:57.758" endtime="20221213 22:29:57.828"/>
</kw>
<kw name="Input Text" library="Selenium2Library">
<arg>css=#twotabsearchtextbox</arg>
<arg>smart watch</arg>
<doc>Types the given ``text`` into the text field identified by ``locator``.</doc>
<msg timestamp="20221213 22:29:57.833" level="INFO">Typing text 'smart watch' into text field 'css=#twotabsearchtextbox'.</msg>
<status status="PASS" starttime="20221213 22:29:57.831" endtime="20221213 22:29:58.550"/>
</kw>
<kw name="Click Element" library="Selenium2Library">
<arg>css=#nav-search-submit-button</arg>
<doc>Click the element identified by ``locator``.</doc>
<msg timestamp="20221213 22:29:58.557" level="INFO">Clicking element 'css=#nav-search-submit-button'.</msg>
<status status="PASS" starttime="20221213 22:29:58.555" endtime="20221213 22:30:24.643"/>
</kw>
<kw name="Wait Until Page Contains" library="Selenium2Library">
<arg>results for "smart watch"</arg>
<doc>Waits until ``text`` appears on the current page.</doc>
<status status="PASS" starttime="20221213 22:30:24.643" endtime="20221213 22:30:24.913"/>
</kw>
<kw name="Page Should Contain" library="Selenium2Library">
<arg>results for "smart watch"</arg>
<doc>Verifies that current page contains ``text``.</doc>
<msg timestamp="20221213 22:30:25.228" level="INFO">Current page contains text 'results for "smart watch"'.</msg>
<status status="PASS" starttime="20221213 22:30:24.916" endtime="20221213 22:30:25.228"/>
</kw>
<kw name="Click Element" library="Selenium2Library">
<arg>css=[data-image-index='2']</arg>
<doc>Click the element identified by ``locator``.</doc>
<msg timestamp="20221213 22:30:25.255" level="INFO">Clicking element 'css=[data-image-index='2']'.</msg>
<status status="PASS" starttime="20221213 22:30:25.250" endtime="20221213 22:30:51.700"/>
</kw>
<kw name="Wait Until Page Contains" library="Selenium2Library">
<arg>Add to Cart</arg>
<doc>Waits until ``text`` appears on the current page.</doc>
<status status="PASS" starttime="20221213 22:30:51.703" endtime="20221213 22:30:51.966"/>
</kw>
<kw name="Page Should Contain" library="Selenium2Library">
<arg>Add to Cart</arg>
<doc>Verifies that current page contains ``text``.</doc>
<msg timestamp="20221213 22:30:52.491" level="INFO">Current page contains text 'Add to Cart'.</msg>
<status status="PASS" starttime="20221213 22:30:51.994" endtime="20221213 22:30:52.492"/>
</kw>
<kw name="Click Element" library="Selenium2Library">
<arg>css=#add-to-cart-button</arg>
<doc>Click the element identified by ``locator``.</doc>
<msg timestamp="20221213 22:30:52.495" level="INFO">Clicking element 'css=#add-to-cart-button'.</msg>
<status status="PASS" starttime="20221213 22:30:52.495" endtime="20221213 22:30:57.812"/>
</kw>
<kw name="Sleep" library="BuiltIn">
<arg>10s</arg>
<doc>Pauses the test executed for the given time.</doc>
<msg timestamp="20221213 22:31:07.824" level="INFO">Slept 10 seconds</msg>
<status status="PASS" starttime="20221213 22:30:57.815" endtime="20221213 22:31:07.824"/>
</kw>
<kw name="Wait Until Page Contains" library="Selenium2Library">
<arg>Cart Subtotal:</arg>
<doc>Waits until ``text`` appears on the current page.</doc>
<status status="PASS" starttime="20221213 22:31:07.829" endtime="20221213 22:31:07.960"/>
</kw>
<kw name="Page Should Contain" library="Selenium2Library">
<arg>Cart Subtotal:</arg>
<doc>Verifies that current page contains ``text``.</doc>
<msg timestamp="20221213 22:31:08.040" level="INFO">Current page contains text 'Cart Subtotal:'.</msg>
<status status="PASS" starttime="20221213 22:31:07.961" endtime="20221213 22:31:08.040"/>
</kw>
<kw name="Click Element" library="Selenium2Library">
<arg>css=[value='Proceed to checkout']</arg>
<doc>Click the element identified by ``locator``.</doc>
<msg timestamp="20221213 22:31:08.046" level="INFO">Clicking element 'css=[value='Proceed to checkout']'.</msg>
<status status="PASS" starttime="20221213 22:31:08.040" endtime="20221213 22:31:12.608"/>
</kw>
<kw name="Wait Until Page Contains" library="Selenium2Library">
<arg>Sign in</arg>
<doc>Waits until ``text`` appears on the current page.</doc>
<status status="PASS" starttime="20221213 22:31:12.610" endtime="20221213 22:31:12.692"/>
</kw>
<kw name="Page Should Contain" library="Selenium2Library">
<arg>Sign in</arg>
<doc>Verifies that current page contains ``text``.</doc>
<msg timestamp="20221213 22:31:12.874" level="INFO">Current page contains text 'Sign in'.</msg>
<status status="PASS" starttime="20221213 22:31:12.696" endtime="20221213 22:31:12.876"/>
</kw>
<kw name="Close Browser" library="Selenium2Library">
<doc>Closes the current browser.</doc>
<status status="PASS" starttime="20221213 22:31:12.879" endtime="20221213 22:31:16.128"/>
</kw>
<tag>functional test</tag>
<status status="PASS" starttime="20221213 22:29:42.766" endtime="20221213 22:31:16.130"/>
</test>
<status status="PASS" starttime="20221213 22:29:41.931" endtime="20221213 22:31:16.147"/>
</suite>
<status status="PASS" starttime="20221213 22:29:41.823" endtime="20221213 22:31:16.162"/>
</suite>
<statistics>
<total>
<stat pass="1" fail="0" skip="0">All Tests</stat>
</total>
<tag>
<stat pass="1" fail="0" skip="0">functional test</stat>
</tag>
<suite>
<stat pass="1" fail="0" skip="0" id="s1" name="Day-2 Amazon Example">Day-2 Amazon Example</stat>
<stat pass="1" fail="0" skip="0" id="s1-s1" name="Script">Day-2 Amazon Example.Script</stat>
</suite>
</statistics>
<errors>
</errors>
</robot>
